2022-06-21 02:28:07,889 INFO org.springframework.boot.StartupInfoLogger [restartedMain] Starting ReimbursementSystemApplication using Java 14 on Admin with PID 3932 (D:\Revature Training Material & Videos\P2 -ERS\Expense-Reimbusement-System-v2\reimbursement-system.zip_expanded\reimbursement-system\target\classes started by gouth in D:\Revature Training Material & Videos\P2 -ERS\Expense-Reimbusement-System-v2\reimbursement-system.zip_expanded\reimbursement-system)
2022-06-21 02:28:07,908 DEBUG org.springframework.boot.StartupInfoLogger [restartedMain] Running with Spring Boot v2.7.0, Spring v5.3.20
2022-06-21 02:28:07,910 INFO org.springframework.boot.SpringApplication [restartedMain] No active profile set, falling back to 1 default profile: "default"
2022-06-21 02:30:22,552 INFO org.springframework.boot.StartupInfoLogger [restartedMain] Starting ReimbursementSystemApplication using Java 14 on Admin with PID 17304 (D:\Revature Training Material & Videos\P2 -ERS\Expense-Reimbusement-System-v2\reimbursement-system.zip_expanded\reimbursement-system\target\classes started by gouth in D:\Revature Training Material & Videos\P2 -ERS\Expense-Reimbusement-System-v2\reimbursement-system.zip_expanded\reimbursement-system)
2022-06-21 02:30:22,553 DEBUG org.springframework.boot.StartupInfoLogger [restartedMain] Running with Spring Boot v2.7.0, Spring v5.3.20
2022-06-21 02:30:22,556 INFO org.springframework.boot.SpringApplication [restartedMain] No active profile set, falling back to 1 default profile: "default"
2022-06-21 02:30:39,525 INFO org.springframework.boot.StartupInfoLogger [restartedMain] Started ReimbursementSystemApplication in 17.601 seconds (JVM running for 18.357)
2022-06-21 02:31:03,988 INFO com.expense.reimbursementsystem.aop.LoggingAspect [http-nio-5555-exec-2] Entering EmployeeController.com.expense.reimbursementsystem.contoller.EmployeeController
2022-06-21 02:31:04,011 INFO com.expense.reimbursementsystem.aop.LoggingAspect [http-nio-5555-exec-2] Entering EmployeeServiceImpl.com.expense.reimbursementsystem.service.EmployeeServiceImpl
2022-06-21 02:31:04,023 INFO com.expense.reimbursementsystem.aop.LoggingAspect [http-nio-5555-exec-2] Entering EmployeeDao.com.expense.reimbursementsystem.dao.EmployeeDao
2022-06-21 02:31:05,429 INFO com.expense.reimbursementsystem.aop.LoggingAspect [http-nio-5555-exec-3] Entering EmployeeController.com.expense.reimbursementsystem.contoller.EmployeeController
2022-06-21 02:31:05,429 INFO com.expense.reimbursementsystem.aop.LoggingAspect [http-nio-5555-exec-3] Entering EmployeeServiceImpl.com.expense.reimbursementsystem.service.EmployeeServiceImpl
2022-06-21 02:31:05,429 INFO com.expense.reimbursementsystem.aop.LoggingAspect [http-nio-5555-exec-3] Entering EmployeeDao.com.expense.reimbursementsystem.dao.EmployeeDao
2022-06-21 02:31:07,505 INFO com.expense.reimbursementsystem.aop.LoggingAspect [http-nio-5555-exec-2] Exiting EmployeeDao.com.expense.reimbursementsystem.dao.EmployeeDao
2022-06-21 02:31:07,505 INFO com.expense.reimbursementsystem.aop.LoggingAspect [http-nio-5555-exec-2] Exiting EmployeeServiceImpl.com.expense.reimbursementsystem.service.EmployeeServiceImpl
2022-06-21 02:31:07,505 INFO com.expense.reimbursementsystem.aop.LoggingAspect [http-nio-5555-exec-2] Exiting EmployeeController.com.expense.reimbursementsystem.contoller.EmployeeController
2022-06-21 02:31:08,711 INFO com.expense.reimbursementsystem.aop.LoggingAspect [http-nio-5555-exec-4] Entering EmployeeController.com.expense.reimbursementsystem.contoller.EmployeeController
2022-06-21 02:31:08,712 INFO com.expense.reimbursementsystem.aop.LoggingAspect [http-nio-5555-exec-4] Entering EmployeeServiceImpl.com.expense.reimbursementsystem.service.EmployeeServiceImpl
2022-06-21 02:31:08,712 INFO com.expense.reimbursementsystem.aop.LoggingAspect [http-nio-5555-exec-4] Entering EmployeeDao.com.expense.reimbursementsystem.dao.EmployeeDao
2022-06-21 02:31:10,555 INFO com.expense.reimbursementsystem.aop.LoggingAspect [http-nio-5555-exec-3] Exiting EmployeeDao.com.expense.reimbursementsystem.dao.EmployeeDao
2022-06-21 02:31:10,555 INFO com.expense.reimbursementsystem.aop.LoggingAspect [http-nio-5555-exec-3] Exiting EmployeeServiceImpl.com.expense.reimbursementsystem.service.EmployeeServiceImpl
2022-06-21 02:31:10,556 INFO com.expense.reimbursementsystem.aop.LoggingAspect [http-nio-5555-exec-3] Exiting EmployeeController.com.expense.reimbursementsystem.contoller.EmployeeController
2022-06-21 02:31:13,722 INFO com.expense.reimbursementsystem.aop.LoggingAspect [http-nio-5555-exec-4] Exiting EmployeeDao.com.expense.reimbursementsystem.dao.EmployeeDao
2022-06-21 02:31:13,722 INFO com.expense.reimbursementsystem.aop.LoggingAspect [http-nio-5555-exec-4] Exiting EmployeeServiceImpl.com.expense.reimbursementsystem.service.EmployeeServiceImpl
2022-06-21 02:31:13,722 INFO com.expense.reimbursementsystem.aop.LoggingAspect [http-nio-5555-exec-4] Exiting EmployeeController.com.expense.reimbursementsystem.contoller.EmployeeController
2022-06-21 02:37:07,053 INFO org.springframework.boot.StartupInfoLogger [restartedMain] Starting ReimbursementSystemApplication using Java 14 on Admin with PID 17304 (D:\Revature Training Material & Videos\P2 -ERS\Expense-Reimbusement-System-v2\reimbursement-system.zip_expanded\reimbursement-system\target\classes started by gouth in D:\Revature Training Material & Videos\P2 -ERS\Expense-Reimbusement-System-v2\reimbursement-system.zip_expanded\reimbursement-system)
2022-06-21 02:37:07,053 DEBUG org.springframework.boot.StartupInfoLogger [restartedMain] Running with Spring Boot v2.7.0, Spring v5.3.20
2022-06-21 02:37:07,054 INFO org.springframework.boot.SpringApplication [restartedMain] No active profile set, falling back to 1 default profile: "default"
2022-06-21 02:37:15,397 INFO org.springframework.boot.StartupInfoLogger [restartedMain] Started ReimbursementSystemApplication in 8.416 seconds (JVM running for 414.23)
2022-06-21 02:37:38,483 INFO com.expense.reimbursementsystem.aop.LoggingAspect [http-nio-5555-exec-1] Entering EmployeeController.com.expense.reimbursementsystem.contoller.EmployeeController
2022-06-21 02:37:38,490 INFO com.expense.reimbursementsystem.aop.LoggingAspect [http-nio-5555-exec-1] Entering EmployeeServiceImpl.com.expense.reimbursementsystem.service.EmployeeServiceImpl
2022-06-21 02:37:38,494 INFO com.expense.reimbursementsystem.aop.LoggingAspect [http-nio-5555-exec-1] Entering EmployeeDao.com.expense.reimbursementsystem.dao.EmployeeDao
2022-06-21 02:37:39,271 INFO com.expense.reimbursementsystem.aop.LoggingAspect [http-nio-5555-exec-2] Entering EmployeeController.com.expense.reimbursementsystem.contoller.EmployeeController
2022-06-21 02:37:39,272 INFO com.expense.reimbursementsystem.aop.LoggingAspect [http-nio-5555-exec-2] Entering EmployeeServiceImpl.com.expense.reimbursementsystem.service.EmployeeServiceImpl
2022-06-21 02:37:39,272 INFO com.expense.reimbursementsystem.aop.LoggingAspect [http-nio-5555-exec-2] Entering EmployeeDao.com.expense.reimbursementsystem.dao.EmployeeDao
2022-06-21 02:37:39,475 INFO com.expense.reimbursementsystem.aop.LoggingAspect [http-nio-5555-exec-3] Entering EmployeeController.com.expense.reimbursementsystem.contoller.EmployeeController
2022-06-21 02:37:39,476 INFO com.expense.reimbursementsystem.aop.LoggingAspect [http-nio-5555-exec-3] Entering EmployeeServiceImpl.com.expense.reimbursementsystem.service.EmployeeServiceImpl
2022-06-21 02:37:39,476 INFO com.expense.reimbursementsystem.aop.LoggingAspect [http-nio-5555-exec-3] Entering EmployeeDao.com.expense.reimbursementsystem.dao.EmployeeDao
2022-06-21 02:37:39,656 INFO com.expense.reimbursementsystem.aop.LoggingAspect [http-nio-5555-exec-4] Entering EmployeeController.com.expense.reimbursementsystem.contoller.EmployeeController
2022-06-21 02:37:39,657 INFO com.expense.reimbursementsystem.aop.LoggingAspect [http-nio-5555-exec-4] Entering EmployeeServiceImpl.com.expense.reimbursementsystem.service.EmployeeServiceImpl
2022-06-21 02:37:39,657 INFO com.expense.reimbursementsystem.aop.LoggingAspect [http-nio-5555-exec-4] Entering EmployeeDao.com.expense.reimbursementsystem.dao.EmployeeDao
2022-06-21 02:37:39,826 INFO com.expense.reimbursementsystem.aop.LoggingAspect [http-nio-5555-exec-5] Entering EmployeeController.com.expense.reimbursementsystem.contoller.EmployeeController
2022-06-21 02:37:39,826 INFO com.expense.reimbursementsystem.aop.LoggingAspect [http-nio-5555-exec-5] Entering EmployeeServiceImpl.com.expense.reimbursementsystem.service.EmployeeServiceImpl
2022-06-21 02:37:39,826 INFO com.expense.reimbursementsystem.aop.LoggingAspect [http-nio-5555-exec-5] Entering EmployeeDao.com.expense.reimbursementsystem.dao.EmployeeDao
2022-06-21 02:37:41,670 INFO com.expense.reimbursementsystem.aop.LoggingAspect [http-nio-5555-exec-1] Exiting EmployeeDao.com.expense.reimbursementsystem.dao.EmployeeDao
2022-06-21 02:37:41,670 INFO com.expense.reimbursementsystem.aop.LoggingAspect [http-nio-5555-exec-1] Exiting EmployeeServiceImpl.com.expense.reimbursementsystem.service.EmployeeServiceImpl
2022-06-21 02:37:41,670 INFO com.expense.reimbursementsystem.aop.LoggingAspect [http-nio-5555-exec-1] Exiting EmployeeController.com.expense.reimbursementsystem.contoller.EmployeeController
2022-06-21 02:37:44,786 INFO com.expense.reimbursementsystem.aop.LoggingAspect [http-nio-5555-exec-5] Exiting EmployeeDao.com.expense.reimbursementsystem.dao.EmployeeDao
2022-06-21 02:37:44,786 INFO com.expense.reimbursementsystem.aop.LoggingAspect [http-nio-5555-exec-5] Exiting EmployeeServiceImpl.com.expense.reimbursementsystem.service.EmployeeServiceImpl
2022-06-21 02:37:44,787 INFO com.expense.reimbursementsystem.aop.LoggingAspect [http-nio-5555-exec-5] Exiting EmployeeController.com.expense.reimbursementsystem.contoller.EmployeeController
2022-06-21 02:37:45,856 INFO com.expense.reimbursementsystem.aop.LoggingAspect [http-nio-5555-exec-6] Entering EmployeeController.com.expense.reimbursementsystem.contoller.EmployeeController
2022-06-21 02:37:45,857 INFO com.expense.reimbursementsystem.aop.LoggingAspect [http-nio-5555-exec-6] Entering EmployeeServiceImpl.com.expense.reimbursementsystem.service.EmployeeServiceImpl
2022-06-21 02:37:45,857 INFO com.expense.reimbursementsystem.aop.LoggingAspect [http-nio-5555-exec-6] Entering EmployeeDao.com.expense.reimbursementsystem.dao.EmployeeDao
2022-06-21 02:37:46,758 INFO com.expense.reimbursementsystem.aop.LoggingAspect [http-nio-5555-exec-7] Entering EmployeeController.com.expense.reimbursementsystem.contoller.EmployeeController
2022-06-21 02:37:46,759 INFO com.expense.reimbursementsystem.aop.LoggingAspect [http-nio-5555-exec-7] Entering EmployeeServiceImpl.com.expense.reimbursementsystem.service.EmployeeServiceImpl
2022-06-21 02:37:46,759 INFO com.expense.reimbursementsystem.aop.LoggingAspect [http-nio-5555-exec-7] Entering EmployeeDao.com.expense.reimbursementsystem.dao.EmployeeDao
2022-06-21 02:37:47,945 INFO com.expense.reimbursementsystem.aop.LoggingAspect [http-nio-5555-exec-4] Exiting EmployeeDao.com.expense.reimbursementsystem.dao.EmployeeDao
2022-06-21 02:37:47,945 INFO com.expense.reimbursementsystem.aop.LoggingAspect [http-nio-5555-exec-4] Exiting EmployeeServiceImpl.com.expense.reimbursementsystem.service.EmployeeServiceImpl
2022-06-21 02:37:47,945 INFO com.expense.reimbursementsystem.aop.LoggingAspect [http-nio-5555-exec-4] Exiting EmployeeController.com.expense.reimbursementsystem.contoller.EmployeeController
2022-06-21 02:37:51,102 INFO com.expense.reimbursementsystem.aop.LoggingAspect [http-nio-5555-exec-3] Exiting EmployeeDao.com.expense.reimbursementsystem.dao.EmployeeDao
2022-06-21 02:37:51,102 INFO com.expense.reimbursementsystem.aop.LoggingAspect [http-nio-5555-exec-3] Exiting EmployeeServiceImpl.com.expense.reimbursementsystem.service.EmployeeServiceImpl
2022-06-21 02:37:51,102 INFO com.expense.reimbursementsystem.aop.LoggingAspect [http-nio-5555-exec-3] Exiting EmployeeController.com.expense.reimbursementsystem.contoller.EmployeeController
2022-06-21 02:37:54,232 INFO com.expense.reimbursementsystem.aop.LoggingAspect [http-nio-5555-exec-2] Exiting EmployeeDao.com.expense.reimbursementsystem.dao.EmployeeDao
2022-06-21 02:37:54,232 INFO com.expense.reimbursementsystem.aop.LoggingAspect [http-nio-5555-exec-2] Exiting EmployeeServiceImpl.com.expense.reimbursementsystem.service.EmployeeServiceImpl
2022-06-21 02:37:54,233 INFO com.expense.reimbursementsystem.aop.LoggingAspect [http-nio-5555-exec-2] Exiting EmployeeController.com.expense.reimbursementsystem.contoller.EmployeeController
2022-06-21 02:37:57,377 INFO com.expense.reimbursementsystem.aop.LoggingAspect [http-nio-5555-exec-7] Exiting EmployeeDao.com.expense.reimbursementsystem.dao.EmployeeDao
2022-06-21 02:37:57,378 INFO com.expense.reimbursementsystem.aop.LoggingAspect [http-nio-5555-exec-7] Exiting EmployeeServiceImpl.com.expense.reimbursementsystem.service.EmployeeServiceImpl
2022-06-21 02:37:57,378 INFO com.expense.reimbursementsystem.aop.LoggingAspect [http-nio-5555-exec-7] Exiting EmployeeController.com.expense.reimbursementsystem.contoller.EmployeeController
2022-06-21 02:38:00,513 INFO com.expense.reimbursementsystem.aop.LoggingAspect [http-nio-5555-exec-6] Exiting EmployeeDao.com.expense.reimbursementsystem.dao.EmployeeDao
2022-06-21 02:38:00,513 INFO com.expense.reimbursementsystem.aop.LoggingAspect [http-nio-5555-exec-6] Exiting EmployeeServiceImpl.com.expense.reimbursementsystem.service.EmployeeServiceImpl
2022-06-21 02:38:00,513 INFO com.expense.reimbursementsystem.aop.LoggingAspect [http-nio-5555-exec-6] Exiting EmployeeController.com.expense.reimbursementsystem.contoller.EmployeeController
2022-06-21 02:38:18,433 INFO org.springframework.boot.StartupInfoLogger [restartedMain] Starting ReimbursementSystemApplication using Java 14 on Admin with PID 9692 (D:\Revature Training Material & Videos\P2 -ERS\Expense-Reimbusement-System-v2\reimbursement-system.zip_expanded\reimbursement-system\target\classes started by gouth in D:\Revature Training Material & Videos\P2 -ERS\Expense-Reimbusement-System-v2\reimbursement-system.zip_expanded\reimbursement-system)
2022-06-21 02:38:18,442 DEBUG org.springframework.boot.StartupInfoLogger [restartedMain] Running with Spring Boot v2.7.0, Spring v5.3.20
2022-06-21 02:38:18,450 INFO org.springframework.boot.SpringApplication [restartedMain] No active profile set, falling back to 1 default profile: "default"
2022-06-21 02:42:29,911 INFO org.springframework.boot.StartupInfoLogger [restartedMain] Starting ReimbursementSystemApplication using Java 14 on Admin with PID 17024 (D:\Revature Training Material & Videos\P2 -ERS\Expense-Reimbusement-System-v2\reimbursement-system.zip_expanded\reimbursement-system\target\classes started by gouth in D:\Revature Training Material & Videos\P2 -ERS\Expense-Reimbusement-System-v2\reimbursement-system.zip_expanded\reimbursement-system)
2022-06-21 02:42:29,913 DEBUG org.springframework.boot.StartupInfoLogger [restartedMain] Running with Spring Boot v2.7.0, Spring v5.3.20
2022-06-21 02:42:29,914 INFO org.springframework.boot.SpringApplication [restartedMain] No active profile set, falling back to 1 default profile: "default"
2022-06-21 02:42:43,433 INFO org.springframework.boot.StartupInfoLogger [restartedMain] Started ReimbursementSystemApplication in 14.114 seconds (JVM running for 14.924)
2022-06-21 02:42:56,497 INFO com.expense.reimbursementsystem.aop.LoggingAspect [http-nio-5555-exec-1] Entering EmployeeController.com.expense.reimbursementsystem.contoller.EmployeeController
2022-06-21 02:42:56,510 INFO com.expense.reimbursementsystem.aop.LoggingAspect [http-nio-5555-exec-1] Entering EmployeeServiceImpl.com.expense.reimbursementsystem.service.EmployeeServiceImpl
2022-06-21 02:42:56,517 INFO com.expense.reimbursementsystem.aop.LoggingAspect [http-nio-5555-exec-1] Entering EmployeeDao.com.expense.reimbursementsystem.dao.EmployeeDao
2022-06-21 02:42:57,209 INFO com.expense.reimbursementsystem.aop.LoggingAspect [http-nio-5555-exec-2] Entering EmployeeController.com.expense.reimbursementsystem.contoller.EmployeeController
2022-06-21 02:42:57,209 INFO com.expense.reimbursementsystem.aop.LoggingAspect [http-nio-5555-exec-2] Entering EmployeeServiceImpl.com.expense.reimbursementsystem.service.EmployeeServiceImpl
2022-06-21 02:42:57,209 INFO com.expense.reimbursementsystem.aop.LoggingAspect [http-nio-5555-exec-2] Entering EmployeeDao.com.expense.reimbursementsystem.dao.EmployeeDao
2022-06-21 02:42:57,965 INFO com.expense.reimbursementsystem.aop.LoggingAspect [http-nio-5555-exec-3] Entering EmployeeController.com.expense.reimbursementsystem.contoller.EmployeeController
2022-06-21 02:42:57,965 INFO com.expense.reimbursementsystem.aop.LoggingAspect [http-nio-5555-exec-3] Entering EmployeeServiceImpl.com.expense.reimbursementsystem.service.EmployeeServiceImpl
2022-06-21 02:42:57,965 INFO com.expense.reimbursementsystem.aop.LoggingAspect [http-nio-5555-exec-3] Entering EmployeeDao.com.expense.reimbursementsystem.dao.EmployeeDao
2022-06-21 02:42:58,184 INFO com.expense.reimbursementsystem.aop.LoggingAspect [http-nio-5555-exec-4] Entering EmployeeController.com.expense.reimbursementsystem.contoller.EmployeeController
2022-06-21 02:42:58,184 INFO com.expense.reimbursementsystem.aop.LoggingAspect [http-nio-5555-exec-4] Entering EmployeeServiceImpl.com.expense.reimbursementsystem.service.EmployeeServiceImpl
2022-06-21 02:42:58,184 INFO com.expense.reimbursementsystem.aop.LoggingAspect [http-nio-5555-exec-4] Entering EmployeeDao.com.expense.reimbursementsystem.dao.EmployeeDao
2022-06-21 02:42:59,783 INFO com.expense.reimbursementsystem.aop.LoggingAspect [http-nio-5555-exec-1] Exiting EmployeeDao.com.expense.reimbursementsystem.dao.EmployeeDao
2022-06-21 02:42:59,783 INFO com.expense.reimbursementsystem.aop.LoggingAspect [http-nio-5555-exec-1] Exiting EmployeeServiceImpl.com.expense.reimbursementsystem.service.EmployeeServiceImpl
2022-06-21 02:42:59,783 INFO com.expense.reimbursementsystem.aop.LoggingAspect [http-nio-5555-exec-1] Exiting EmployeeController.com.expense.reimbursementsystem.contoller.EmployeeController
2022-06-21 02:42:59,845 INFO com.expense.reimbursementsystem.aop.LoggingAspect [http-nio-5555-exec-5] Entering EmployeeController.com.expense.reimbursementsystem.contoller.EmployeeController
2022-06-21 02:42:59,845 INFO com.expense.reimbursementsystem.aop.LoggingAspect [http-nio-5555-exec-5] Entering EmployeeServiceImpl.com.expense.reimbursementsystem.service.EmployeeServiceImpl
2022-06-21 02:42:59,845 INFO com.expense.reimbursementsystem.aop.LoggingAspect [http-nio-5555-exec-5] Entering EmployeeDao.com.expense.reimbursementsystem.dao.EmployeeDao
2022-06-21 02:43:00,208 INFO com.expense.reimbursementsystem.aop.LoggingAspect [http-nio-5555-exec-6] Entering EmployeeController.com.expense.reimbursementsystem.contoller.EmployeeController
2022-06-21 02:43:00,208 INFO com.expense.reimbursementsystem.aop.LoggingAspect [http-nio-5555-exec-6] Entering EmployeeServiceImpl.com.expense.reimbursementsystem.service.EmployeeServiceImpl
2022-06-21 02:43:00,210 INFO com.expense.reimbursementsystem.aop.LoggingAspect [http-nio-5555-exec-6] Entering EmployeeDao.com.expense.reimbursementsystem.dao.EmployeeDao
2022-06-21 02:43:02,888 INFO com.expense.reimbursementsystem.aop.LoggingAspect [http-nio-5555-exec-4] Exiting EmployeeDao.com.expense.reimbursementsystem.dao.EmployeeDao
2022-06-21 02:43:02,888 INFO com.expense.reimbursementsystem.aop.LoggingAspect [http-nio-5555-exec-4] Exiting EmployeeServiceImpl.com.expense.reimbursementsystem.service.EmployeeServiceImpl
2022-06-21 02:43:02,888 INFO com.expense.reimbursementsystem.aop.LoggingAspect [http-nio-5555-exec-4] Exiting EmployeeController.com.expense.reimbursementsystem.contoller.EmployeeController
2022-06-21 02:43:05,986 INFO com.expense.reimbursementsystem.aop.LoggingAspect [http-nio-5555-exec-3] Exiting EmployeeDao.com.expense.reimbursementsystem.dao.EmployeeDao
2022-06-21 02:43:05,987 INFO com.expense.reimbursementsystem.aop.LoggingAspect [http-nio-5555-exec-3] Exiting EmployeeServiceImpl.com.expense.reimbursementsystem.service.EmployeeServiceImpl
2022-06-21 02:43:05,987 INFO com.expense.reimbursementsystem.aop.LoggingAspect [http-nio-5555-exec-3] Exiting EmployeeController.com.expense.reimbursementsystem.contoller.EmployeeController
2022-06-21 02:43:09,082 INFO com.expense.reimbursementsystem.aop.LoggingAspect [http-nio-5555-exec-2] Exiting EmployeeDao.com.expense.reimbursementsystem.dao.EmployeeDao
2022-06-21 02:43:09,082 INFO com.expense.reimbursementsystem.aop.LoggingAspect [http-nio-5555-exec-2] Exiting EmployeeServiceImpl.com.expense.reimbursementsystem.service.EmployeeServiceImpl
2022-06-21 02:43:09,082 INFO com.expense.reimbursementsystem.aop.LoggingAspect [http-nio-5555-exec-2] Exiting EmployeeController.com.expense.reimbursementsystem.contoller.EmployeeController
2022-06-21 02:43:12,190 INFO com.expense.reimbursementsystem.aop.LoggingAspect [http-nio-5555-exec-6] Exiting EmployeeDao.com.expense.reimbursementsystem.dao.EmployeeDao
2022-06-21 02:43:12,190 INFO com.expense.reimbursementsystem.aop.LoggingAspect [http-nio-5555-exec-6] Exiting EmployeeServiceImpl.com.expense.reimbursementsystem.service.EmployeeServiceImpl
2022-06-21 02:43:12,190 INFO com.expense.reimbursementsystem.aop.LoggingAspect [http-nio-5555-exec-6] Exiting EmployeeController.com.expense.reimbursementsystem.contoller.EmployeeController
2022-06-21 02:43:15,319 INFO com.expense.reimbursementsystem.aop.LoggingAspect [http-nio-5555-exec-5] Exiting EmployeeDao.com.expense.reimbursementsystem.dao.EmployeeDao
2022-06-21 02:43:15,319 INFO com.expense.reimbursementsystem.aop.LoggingAspect [http-nio-5555-exec-5] Exiting EmployeeServiceImpl.com.expense.reimbursementsystem.service.EmployeeServiceImpl
2022-06-21 02:43:15,319 INFO com.expense.reimbursementsystem.aop.LoggingAspect [http-nio-5555-exec-5] Exiting EmployeeController.com.expense.reimbursementsystem.contoller.EmployeeController
2022-06-21 03:10:57,980 INFO com.expense.reimbursementsystem.aop.LoggingAspect [http-nio-5555-exec-8] Entering EmployeeController.com.expense.reimbursementsystem.contoller.EmployeeController
2022-06-21 03:10:57,981 INFO com.expense.reimbursementsystem.aop.LoggingAspect [http-nio-5555-exec-8] Entering EmployeeServiceImpl.com.expense.reimbursementsystem.service.EmployeeServiceImpl
2022-06-21 03:10:57,981 INFO com.expense.reimbursementsystem.aop.LoggingAspect [http-nio-5555-exec-8] Entering EmployeeDao.com.expense.reimbursementsystem.dao.EmployeeDao
2022-06-21 03:10:58,400 INFO com.expense.reimbursementsystem.aop.LoggingAspect [http-nio-5555-exec-9] Entering EmployeeController.com.expense.reimbursementsystem.contoller.EmployeeController
2022-06-21 03:10:58,400 INFO com.expense.reimbursementsystem.aop.LoggingAspect [http-nio-5555-exec-9] Entering EmployeeServiceImpl.com.expense.reimbursementsystem.service.EmployeeServiceImpl
2022-06-21 03:10:58,400 INFO com.expense.reimbursementsystem.aop.LoggingAspect [http-nio-5555-exec-9] Entering EmployeeDao.com.expense.reimbursementsystem.dao.EmployeeDao
2022-06-21 03:10:58,590 INFO com.expense.reimbursementsystem.aop.LoggingAspect [http-nio-5555-exec-10] Entering EmployeeController.com.expense.reimbursementsystem.contoller.EmployeeController
2022-06-21 03:10:58,590 INFO com.expense.reimbursementsystem.aop.LoggingAspect [http-nio-5555-exec-10] Entering EmployeeServiceImpl.com.expense.reimbursementsystem.service.EmployeeServiceImpl
2022-06-21 03:10:58,591 INFO com.expense.reimbursementsystem.aop.LoggingAspect [http-nio-5555-exec-10] Entering EmployeeDao.com.expense.reimbursementsystem.dao.EmployeeDao
2022-06-21 03:10:58,822 INFO com.expense.reimbursementsystem.aop.LoggingAspect [http-nio-5555-exec-1] Entering EmployeeController.com.expense.reimbursementsystem.contoller.EmployeeController
2022-06-21 03:10:58,823 INFO com.expense.reimbursementsystem.aop.LoggingAspect [http-nio-5555-exec-1] Entering EmployeeServiceImpl.com.expense.reimbursementsystem.service.EmployeeServiceImpl
2022-06-21 03:10:58,823 INFO com.expense.reimbursementsystem.aop.LoggingAspect [http-nio-5555-exec-1] Entering EmployeeDao.com.expense.reimbursementsystem.dao.EmployeeDao
2022-06-21 03:11:01,144 INFO com.expense.reimbursementsystem.aop.LoggingAspect [http-nio-5555-exec-8] Exiting EmployeeDao.com.expense.reimbursementsystem.dao.EmployeeDao
2022-06-21 03:11:01,144 INFO com.expense.reimbursementsystem.aop.LoggingAspect [http-nio-5555-exec-8] Exiting EmployeeServiceImpl.com.expense.reimbursementsystem.service.EmployeeServiceImpl
2022-06-21 03:11:01,144 INFO com.expense.reimbursementsystem.aop.LoggingAspect [http-nio-5555-exec-8] Exiting EmployeeController.com.expense.reimbursementsystem.contoller.EmployeeController
2022-06-21 03:11:04,295 INFO com.expense.reimbursementsystem.aop.LoggingAspect [http-nio-5555-exec-1] Exiting EmployeeDao.com.expense.reimbursementsystem.dao.EmployeeDao
2022-06-21 03:11:04,295 INFO com.expense.reimbursementsystem.aop.LoggingAspect [http-nio-5555-exec-1] Exiting EmployeeServiceImpl.com.expense.reimbursementsystem.service.EmployeeServiceImpl
2022-06-21 03:11:04,295 INFO com.expense.reimbursementsystem.aop.LoggingAspect [http-nio-5555-exec-1] Exiting EmployeeController.com.expense.reimbursementsystem.contoller.EmployeeController
2022-06-21 03:11:07,417 INFO com.expense.reimbursementsystem.aop.LoggingAspect [http-nio-5555-exec-10] Exiting EmployeeDao.com.expense.reimbursementsystem.dao.EmployeeDao
2022-06-21 03:11:07,417 INFO com.expense.reimbursementsystem.aop.LoggingAspect [http-nio-5555-exec-10] Exiting EmployeeServiceImpl.com.expense.reimbursementsystem.service.EmployeeServiceImpl
2022-06-21 03:11:07,417 INFO com.expense.reimbursementsystem.aop.LoggingAspect [http-nio-5555-exec-10] Exiting EmployeeController.com.expense.reimbursementsystem.contoller.EmployeeController
2022-06-21 03:11:10,543 INFO com.expense.reimbursementsystem.aop.LoggingAspect [http-nio-5555-exec-9] Exiting EmployeeDao.com.expense.reimbursementsystem.dao.EmployeeDao
2022-06-21 03:11:10,544 INFO com.expense.reimbursementsystem.aop.LoggingAspect [http-nio-5555-exec-9] Exiting EmployeeServiceImpl.com.expense.reimbursementsystem.service.EmployeeServiceImpl
2022-06-21 03:11:10,544 INFO com.expense.reimbursementsystem.aop.LoggingAspect [http-nio-5555-exec-9] Exiting EmployeeController.com.expense.reimbursementsystem.contoller.EmployeeController
2022-06-21 03:12:28,029 INFO org.springframework.boot.StartupInfoLogger [restartedMain] Starting ReimbursementSystemApplication using Java 14 on Admin with PID 17024 (D:\Revature Training Material & Videos\P2 -ERS\Expense-Reimbusement-System-v2\reimbursement-system.zip_expanded\reimbursement-system\target\classes started by gouth in D:\Revature Training Material & Videos\P2 -ERS\Expense-Reimbusement-System-v2\reimbursement-system.zip_expanded\reimbursement-system)
2022-06-21 03:12:28,030 DEBUG org.springframework.boot.StartupInfoLogger [restartedMain] Running with Spring Boot v2.7.0, Spring v5.3.20
2022-06-21 03:12:28,030 INFO org.springframework.boot.SpringApplication [restartedMain] No active profile set, falling back to 1 default profile: "default"
2022-06-21 03:13:06,393 INFO org.springframework.boot.StartupInfoLogger [restartedMain] Starting ReimbursementSystemApplication using Java 14 on Admin with PID 17024 (D:\Revature Training Material & Videos\P2 -ERS\Expense-Reimbusement-System-v2\reimbursement-system.zip_expanded\reimbursement-system\target\classes started by gouth in D:\Revature Training Material & Videos\P2 -ERS\Expense-Reimbusement-System-v2\reimbursement-system.zip_expanded\reimbursement-system)
2022-06-21 03:13:06,393 DEBUG org.springframework.boot.StartupInfoLogger [restartedMain] Running with Spring Boot v2.7.0, Spring v5.3.20
2022-06-21 03:13:06,393 INFO org.springframework.boot.SpringApplication [restartedMain] No active profile set, falling back to 1 default profile: "default"
2022-06-21 03:13:40,942 INFO org.springframework.boot.StartupInfoLogger [restartedMain] Starting ReimbursementSystemApplication using Java 14 on Admin with PID 17024 (D:\Revature Training Material & Videos\P2 -ERS\Expense-Reimbusement-System-v2\reimbursement-system.zip_expanded\reimbursement-system\target\classes started by gouth in D:\Revature Training Material & Videos\P2 -ERS\Expense-Reimbusement-System-v2\reimbursement-system.zip_expanded\reimbursement-system)
2022-06-21 03:13:40,942 DEBUG org.springframework.boot.StartupInfoLogger [restartedMain] Running with Spring Boot v2.7.0, Spring v5.3.20
2022-06-21 03:13:40,942 INFO org.springframework.boot.SpringApplication [restartedMain] No active profile set, falling back to 1 default profile: "default"
2022-06-21 03:13:48,486 INFO org.springframework.boot.StartupInfoLogger [restartedMain] Started ReimbursementSystemApplication in 7.587 seconds (JVM running for 1879.977)
2022-06-21 03:13:59,496 INFO com.expense.reimbursementsystem.aop.LoggingAspect [http-nio-5555-exec-1] Entering EmployeeController.com.expense.reimbursementsystem.contoller.EmployeeController
2022-06-21 03:13:59,504 INFO com.expense.reimbursementsystem.aop.LoggingAspect [http-nio-5555-exec-1] Entering EmployeeServiceImpl.com.expense.reimbursementsystem.service.EmployeeServiceImpl
2022-06-21 03:13:59,508 INFO com.expense.reimbursementsystem.aop.LoggingAspect [http-nio-5555-exec-1] Entering EmployeeDao.com.expense.reimbursementsystem.dao.EmployeeDao
2022-06-21 03:13:59,896 INFO com.expense.reimbursementsystem.aop.LoggingAspect [http-nio-5555-exec-2] Entering EmployeeController.com.expense.reimbursementsystem.contoller.EmployeeController
2022-06-21 03:13:59,896 INFO com.expense.reimbursementsystem.aop.LoggingAspect [http-nio-5555-exec-2] Entering EmployeeServiceImpl.com.expense.reimbursementsystem.service.EmployeeServiceImpl
2022-06-21 03:13:59,896 INFO com.expense.reimbursementsystem.aop.LoggingAspect [http-nio-5555-exec-2] Entering EmployeeDao.com.expense.reimbursementsystem.dao.EmployeeDao
2022-06-21 03:14:00,100 INFO com.expense.reimbursementsystem.aop.LoggingAspect [http-nio-5555-exec-3] Entering EmployeeController.com.expense.reimbursementsystem.contoller.EmployeeController
2022-06-21 03:14:00,100 INFO com.expense.reimbursementsystem.aop.LoggingAspect [http-nio-5555-exec-3] Entering EmployeeServiceImpl.com.expense.reimbursementsystem.service.EmployeeServiceImpl
2022-06-21 03:14:00,100 INFO com.expense.reimbursementsystem.aop.LoggingAspect [http-nio-5555-exec-3] Entering EmployeeDao.com.expense.reimbursementsystem.dao.EmployeeDao
2022-06-21 03:14:02,635 INFO com.expense.reimbursementsystem.aop.LoggingAspect [http-nio-5555-exec-1] Exiting EmployeeDao.com.expense.reimbursementsystem.dao.EmployeeDao
2022-06-21 03:14:02,635 INFO com.expense.reimbursementsystem.aop.LoggingAspect [http-nio-5555-exec-1] Exiting EmployeeServiceImpl.com.expense.reimbursementsystem.service.EmployeeServiceImpl
2022-06-21 03:14:02,635 INFO com.expense.reimbursementsystem.aop.LoggingAspect [http-nio-5555-exec-1] Exiting EmployeeController.com.expense.reimbursementsystem.contoller.EmployeeController
2022-06-21 03:14:05,785 INFO com.expense.reimbursementsystem.aop.LoggingAspect [http-nio-5555-exec-3] Exiting EmployeeDao.com.expense.reimbursementsystem.dao.EmployeeDao
2022-06-21 03:14:05,786 INFO com.expense.reimbursementsystem.aop.LoggingAspect [http-nio-5555-exec-3] Exiting EmployeeServiceImpl.com.expense.reimbursementsystem.service.EmployeeServiceImpl
2022-06-21 03:14:05,786 INFO com.expense.reimbursementsystem.aop.LoggingAspect [http-nio-5555-exec-3] Exiting EmployeeController.com.expense.reimbursementsystem.contoller.EmployeeController
2022-06-21 03:14:07,752 INFO com.expense.reimbursementsystem.aop.LoggingAspect [http-nio-5555-exec-4] Entering EmployeeController.com.expense.reimbursementsystem.contoller.EmployeeController
2022-06-21 03:14:07,753 INFO com.expense.reimbursementsystem.aop.LoggingAspect [http-nio-5555-exec-4] Entering EmployeeServiceImpl.com.expense.reimbursementsystem.service.EmployeeServiceImpl
2022-06-21 03:14:07,753 INFO com.expense.reimbursementsystem.aop.LoggingAspect [http-nio-5555-exec-4] Entering EmployeeDao.com.expense.reimbursementsystem.dao.EmployeeDao
2022-06-21 03:14:08,923 INFO com.expense.reimbursementsystem.aop.LoggingAspect [http-nio-5555-exec-2] Exiting EmployeeDao.com.expense.reimbursementsystem.dao.EmployeeDao
2022-06-21 03:14:08,923 INFO com.expense.reimbursementsystem.aop.LoggingAspect [http-nio-5555-exec-2] Exiting EmployeeServiceImpl.com.expense.reimbursementsystem.service.EmployeeServiceImpl
2022-06-21 03:14:08,923 INFO com.expense.reimbursementsystem.aop.LoggingAspect [http-nio-5555-exec-2] Exiting EmployeeController.com.expense.reimbursementsystem.contoller.EmployeeController
2022-06-21 03:14:12,069 INFO com.expense.reimbursementsystem.aop.LoggingAspect [http-nio-5555-exec-4] Exiting EmployeeDao.com.expense.reimbursementsystem.dao.EmployeeDao
2022-06-21 03:14:12,069 INFO com.expense.reimbursementsystem.aop.LoggingAspect [http-nio-5555-exec-4] Exiting EmployeeServiceImpl.com.expense.reimbursementsystem.service.EmployeeServiceImpl
2022-06-21 03:14:12,069 INFO com.expense.reimbursementsystem.aop.LoggingAspect [http-nio-5555-exec-4] Exiting EmployeeController.com.expense.reimbursementsystem.contoller.EmployeeController
2022-06-21 03:14:17,452 INFO org.springframework.boot.StartupInfoLogger [restartedMain] Starting ReimbursementSystemApplication using Java 14 on Admin with PID 17024 (D:\Revature Training Material & Videos\P2 -ERS\Expense-Reimbusement-System-v2\reimbursement-system.zip_expanded\reimbursement-system\target\classes started by gouth in D:\Revature Training Material & Videos\P2 -ERS\Expense-Reimbusement-System-v2\reimbursement-system.zip_expanded\reimbursement-system)
2022-06-21 03:14:17,452 DEBUG org.springframework.boot.StartupInfoLogger [restartedMain] Running with Spring Boot v2.7.0, Spring v5.3.20
2022-06-21 03:14:17,452 INFO org.springframework.boot.SpringApplication [restartedMain] No active profile set, falling back to 1 default profile: "default"
2022-06-21 03:14:24,830 INFO org.springframework.boot.StartupInfoLogger [restartedMain] Started ReimbursementSystemApplication in 7.411 seconds (JVM running for 1916.321)
2022-06-21 03:14:57,869 INFO org.springframework.boot.StartupInfoLogger [restartedMain] Starting ReimbursementSystemApplication using Java 14 on Admin with PID 17024 (D:\Revature Training Material & Videos\P2 -ERS\Expense-Reimbusement-System-v2\reimbursement-system.zip_expanded\reimbursement-system\target\classes started by gouth in D:\Revature Training Material & Videos\P2 -ERS\Expense-Reimbusement-System-v2\reimbursement-system.zip_expanded\reimbursement-system)
2022-06-21 03:14:57,870 DEBUG org.springframework.boot.StartupInfoLogger [restartedMain] Running with Spring Boot v2.7.0, Spring v5.3.20
2022-06-21 03:14:57,870 INFO org.springframework.boot.SpringApplication [restartedMain] No active profile set, falling back to 1 default profile: "default"
2022-06-21 03:15:05,267 INFO org.springframework.boot.StartupInfoLogger [restartedMain] Started ReimbursementSystemApplication in 7.464 seconds (JVM running for 1956.758)
2022-06-21 03:16:17,332 INFO org.springframework.boot.StartupInfoLogger [restartedMain] Starting ReimbursementSystemApplication using Java 14 on Admin with PID 11912 (D:\Revature Training Material & Videos\P2 -ERS\Expense-Reimbusement-System-v2\reimbursement-system.zip_expanded\reimbursement-system\target\classes started by gouth in D:\Revature Training Material & Videos\P2 -ERS\Expense-Reimbusement-System-v2\reimbursement-system.zip_expanded\reimbursement-system)
2022-06-21 03:16:17,333 DEBUG org.springframework.boot.StartupInfoLogger [restartedMain] Running with Spring Boot v2.7.0, Spring v5.3.20
2022-06-21 03:16:17,335 INFO org.springframework.boot.SpringApplication [restartedMain] No active profile set, falling back to 1 default profile: "default"
2022-06-21 03:16:32,125 INFO org.springframework.boot.StartupInfoLogger [restartedMain] Started ReimbursementSystemApplication in 15.462 seconds (JVM running for 16.083)
2022-06-21 03:16:48,612 INFO org.springframework.boot.StartupInfoLogger [restartedMain] Starting ReimbursementSystemApplication using Java 14 on Admin with PID 11912 (D:\Revature Training Material & Videos\P2 -ERS\Expense-Reimbusement-System-v2\reimbursement-system.zip_expanded\reimbursement-system\target\classes started by gouth in D:\Revature Training Material & Videos\P2 -ERS\Expense-Reimbusement-System-v2\reimbursement-system.zip_expanded\reimbursement-system)
2022-06-21 03:16:48,613 DEBUG org.springframework.boot.StartupInfoLogger [restartedMain] Running with Spring Boot v2.7.0, Spring v5.3.20
2022-06-21 03:16:48,614 INFO org.springframework.boot.SpringApplication [restartedMain] No active profile set, falling back to 1 default profile: "default"
2022-06-21 03:16:57,887 INFO org.springframework.boot.StartupInfoLogger [restartedMain] Started ReimbursementSystemApplication in 9.325 seconds (JVM running for 41.844)
2022-06-21 11:06:22,085 INFO org.springframework.boot.StartupInfoLogger [restartedMain] Starting ReimbursementSystemApplication using Java 14 on Admin with PID 3868 (D:\Revature Training Material & Videos\P2 -ERS\Expense-Reimbusement-System-v2\reimbursement-system.zip_expanded\reimbursement-system\target\classes started by gouth in D:\Revature Training Material & Videos\P2 -ERS\Expense-Reimbusement-System-v2\reimbursement-system.zip_expanded\reimbursement-system)
2022-06-21 11:06:22,137 DEBUG org.springframework.boot.StartupInfoLogger [restartedMain] Running with Spring Boot v2.7.0, Spring v5.3.20
2022-06-21 11:06:22,138 INFO org.springframework.boot.SpringApplication [restartedMain] No active profile set, falling back to 1 default profile: "default"
2022-06-21 11:06:34,392 INFO org.springframework.boot.StartupInfoLogger [restartedMain] Started ReimbursementSystemApplication in 13.328 seconds (JVM running for 37.279)
2022-06-21 11:06:43,481 INFO com.expense.reimbursementsystem.aop.LoggingAspect [http-nio-5555-exec-2] Entering EmployeeController.com.expense.reimbursementsystem.contoller.EmployeeController
2022-06-21 11:06:43,497 INFO com.expense.reimbursementsystem.aop.LoggingAspect [http-nio-5555-exec-2] Entering EmployeeServiceImpl.com.expense.reimbursementsystem.service.EmployeeServiceImpl
2022-06-21 11:06:43,510 INFO com.expense.reimbursementsystem.aop.LoggingAspect [http-nio-5555-exec-2] Entering EmployeeDao.com.expense.reimbursementsystem.dao.EmployeeDao
2022-06-21 11:06:43,993 INFO com.expense.reimbursementsystem.aop.LoggingAspect [http-nio-5555-exec-2] Exiting EmployeeDao.com.expense.reimbursementsystem.dao.EmployeeDao
2022-06-21 11:06:43,996 INFO com.expense.reimbursementsystem.aop.LoggingAspect [http-nio-5555-exec-2] Exiting EmployeeServiceImpl.com.expense.reimbursementsystem.service.EmployeeServiceImpl
2022-06-21 11:06:43,996 INFO com.expense.reimbursementsystem.aop.LoggingAspect [http-nio-5555-exec-2] Exiting EmployeeController.com.expense.reimbursementsystem.contoller.EmployeeController
2022-06-21 11:06:46,722 INFO com.expense.reimbursementsystem.aop.LoggingAspect [http-nio-5555-exec-3] Entering ReimbursementContoller.com.expense.reimbursementsystem.contoller.ReimbursementContoller
2022-06-21 11:06:46,728 INFO com.expense.reimbursementsystem.aop.LoggingAspect [http-nio-5555-exec-3] Entering ReimbursementServiceImpl.com.expense.reimbursementsystem.service.ReimbursementServiceImpl
2022-06-21 11:06:46,743 INFO com.expense.reimbursementsystem.aop.LoggingAspect [http-nio-5555-exec-3] Entering ReimbursementDao.com.expense.reimbursementsystem.dao.ReimbursementDao
2022-06-21 11:06:46,786 INFO com.expense.reimbursementsystem.aop.LoggingAspect [http-nio-5555-exec-3] Exiting ReimbursementDao.com.expense.reimbursementsystem.dao.ReimbursementDao
2022-06-21 11:06:46,787 INFO com.expense.reimbursementsystem.aop.LoggingAspect [http-nio-5555-exec-3] Exiting ReimbursementServiceImpl.com.expense.reimbursementsystem.service.ReimbursementServiceImpl
2022-06-21 11:06:46,787 INFO com.expense.reimbursementsystem.aop.LoggingAspect [http-nio-5555-exec-3] Exiting ReimbursementContoller.com.expense.reimbursementsystem.contoller.ReimbursementContoller
2022-06-21 11:08:33,985 INFO com.expense.reimbursementsystem.aop.LoggingAspect [http-nio-5555-exec-6] Entering EmployeeController.com.expense.reimbursementsystem.contoller.EmployeeController
2022-06-21 11:08:33,986 INFO com.expense.reimbursementsystem.aop.LoggingAspect [http-nio-5555-exec-6] Entering EmployeeServiceImpl.com.expense.reimbursementsystem.service.EmployeeServiceImpl
2022-06-21 11:08:34,002 INFO com.expense.reimbursementsystem.aop.LoggingAspect [http-nio-5555-exec-6] Entering CrudRepository.org.springframework.data.repository.CrudRepository
2022-06-21 11:08:34,570 INFO com.expense.reimbursementsystem.aop.LoggingAspect [http-nio-5555-exec-6] Exiting CrudRepository.org.springframework.data.repository.CrudRepository
2022-06-21 11:08:34,593 INFO com.expense.reimbursementsystem.aop.LoggingAspect [http-nio-5555-exec-6] Exiting EmployeeServiceImpl.com.expense.reimbursementsystem.service.EmployeeServiceImpl
2022-06-21 11:08:34,593 INFO com.expense.reimbursementsystem.aop.LoggingAspect [http-nio-5555-exec-6] Exiting EmployeeController.com.expense.reimbursementsystem.contoller.EmployeeController
2022-06-21 11:09:51,253 INFO com.expense.reimbursementsystem.aop.LoggingAspect [http-nio-5555-exec-10] Entering ReimbursementContoller.com.expense.reimbursementsystem.contoller.ReimbursementContoller
2022-06-21 11:09:51,254 INFO com.expense.reimbursementsystem.aop.LoggingAspect [http-nio-5555-exec-10] Entering ReimbursementServiceImpl.com.expense.reimbursementsystem.service.ReimbursementServiceImpl
2022-06-21 11:09:51,279 INFO com.expense.reimbursementsystem.aop.LoggingAspect [http-nio-5555-exec-10] Entering CrudRepository.org.springframework.data.repository.CrudRepository
2022-06-21 11:09:51,693 INFO com.expense.reimbursementsystem.aop.LoggingAspect [http-nio-5555-exec-10] Exiting CrudRepository.org.springframework.data.repository.CrudRepository
2022-06-21 11:09:51,694 INFO com.expense.reimbursementsystem.aop.LoggingAspect [http-nio-5555-exec-10] Exiting ReimbursementServiceImpl.com.expense.reimbursementsystem.service.ReimbursementServiceImpl
2022-06-21 11:09:51,694 INFO com.expense.reimbursementsystem.aop.LoggingAspect [http-nio-5555-exec-10] Exiting ReimbursementContoller.com.expense.reimbursementsystem.contoller.ReimbursementContoller
2022-06-21 11:20:35,321 INFO com.expense.reimbursementsystem.aop.LoggingAspect [http-nio-5555-exec-9] Entering ReimbursementContoller.com.expense.reimbursementsystem.contoller.ReimbursementContoller
2022-06-21 11:20:35,322 INFO com.expense.reimbursementsystem.aop.LoggingAspect [http-nio-5555-exec-9] Entering ReimbursementServiceImpl.com.expense.reimbursementsystem.service.ReimbursementServiceImpl
2022-06-21 11:20:35,327 INFO com.expense.reimbursementsystem.aop.LoggingAspect [http-nio-5555-exec-9] Entering ReimbursementDao.com.expense.reimbursementsystem.dao.ReimbursementDao
2022-06-21 11:20:35,337 INFO com.expense.reimbursementsystem.aop.LoggingAspect [http-nio-5555-exec-9] Exiting ReimbursementDao.com.expense.reimbursementsystem.dao.ReimbursementDao
2022-06-21 11:20:35,338 INFO com.expense.reimbursementsystem.aop.LoggingAspect [http-nio-5555-exec-9] Exiting ReimbursementServiceImpl.com.expense.reimbursementsystem.service.ReimbursementServiceImpl
2022-06-21 11:20:35,338 INFO com.expense.reimbursementsystem.aop.LoggingAspect [http-nio-5555-exec-9] Exiting ReimbursementContoller.com.expense.reimbursementsystem.contoller.ReimbursementContoller
2022-06-21 11:35:07,844 INFO com.expense.reimbursementsystem.aop.LoggingAspect [http-nio-5555-exec-2] Entering ReimbursementContoller.com.expense.reimbursementsystem.contoller.ReimbursementContoller
2022-06-21 11:35:07,845 INFO com.expense.reimbursementsystem.aop.LoggingAspect [http-nio-5555-exec-2] Entering ReimbursementServiceImpl.com.expense.reimbursementsystem.service.ReimbursementServiceImpl
2022-06-21 11:35:07,846 INFO com.expense.reimbursementsystem.aop.LoggingAspect [http-nio-5555-exec-2] Entering ReimbursementDao.com.expense.reimbursementsystem.dao.ReimbursementDao
2022-06-21 11:35:07,856 INFO com.expense.reimbursementsystem.aop.LoggingAspect [http-nio-5555-exec-2] Exiting ReimbursementDao.com.expense.reimbursementsystem.dao.ReimbursementDao
2022-06-21 11:35:07,856 INFO com.expense.reimbursementsystem.aop.LoggingAspect [http-nio-5555-exec-2] Exiting ReimbursementServiceImpl.com.expense.reimbursementsystem.service.ReimbursementServiceImpl
2022-06-21 11:35:07,857 INFO com.expense.reimbursementsystem.aop.LoggingAspect [http-nio-5555-exec-2] Exiting ReimbursementContoller.com.expense.reimbursementsystem.contoller.ReimbursementContoller
2022-06-21 11:35:19,020 INFO com.expense.reimbursementsystem.aop.LoggingAspect [http-nio-5555-exec-3] Entering EmployeeController.com.expense.reimbursementsystem.contoller.EmployeeController
2022-06-21 11:35:19,021 INFO com.expense.reimbursementsystem.aop.LoggingAspect [http-nio-5555-exec-3] Entering EmployeeServiceImpl.com.expense.reimbursementsystem.service.EmployeeServiceImpl
2022-06-21 11:35:19,021 INFO com.expense.reimbursementsystem.aop.LoggingAspect [http-nio-5555-exec-3] Entering EmployeeDao.com.expense.reimbursementsystem.dao.EmployeeDao
2022-06-21 11:35:19,024 INFO com.expense.reimbursementsystem.aop.LoggingAspect [http-nio-5555-exec-3] Exiting EmployeeDao.com.expense.reimbursementsystem.dao.EmployeeDao
2022-06-21 11:35:19,024 INFO com.expense.reimbursementsystem.aop.LoggingAspect [http-nio-5555-exec-3] Exiting EmployeeServiceImpl.com.expense.reimbursementsystem.service.EmployeeServiceImpl
2022-06-21 11:35:19,024 INFO com.expense.reimbursementsystem.aop.LoggingAspect [http-nio-5555-exec-3] Exiting EmployeeController.com.expense.reimbursementsystem.contoller.EmployeeController
2022-06-21 11:35:26,004 INFO com.expense.reimbursementsystem.aop.LoggingAspect [http-nio-5555-exec-4] Entering EmployeeController.com.expense.reimbursementsystem.contoller.EmployeeController
2022-06-21 11:35:26,005 INFO com.expense.reimbursementsystem.aop.LoggingAspect [http-nio-5555-exec-4] Entering EmployeeServiceImpl.com.expense.reimbursementsystem.service.EmployeeServiceImpl
2022-06-21 11:35:26,005 INFO com.expense.reimbursementsystem.aop.LoggingAspect [http-nio-5555-exec-4] Entering EmployeeDao.com.expense.reimbursementsystem.dao.EmployeeDao
2022-06-21 11:35:26,008 INFO com.expense.reimbursementsystem.aop.LoggingAspect [http-nio-5555-exec-4] Exiting EmployeeDao.com.expense.reimbursementsystem.dao.EmployeeDao
2022-06-21 11:35:26,009 INFO com.expense.reimbursementsystem.aop.LoggingAspect [http-nio-5555-exec-4] Exiting EmployeeServiceImpl.com.expense.reimbursementsystem.service.EmployeeServiceImpl
2022-06-21 11:35:26,009 INFO com.expense.reimbursementsystem.aop.LoggingAspect [http-nio-5555-exec-4] Exiting EmployeeController.com.expense.reimbursementsystem.contoller.EmployeeController
2022-06-21 11:35:29,576 INFO com.expense.reimbursementsystem.aop.LoggingAspect [http-nio-5555-exec-5] Entering ReimbursementContoller.com.expense.reimbursementsystem.contoller.ReimbursementContoller
2022-06-21 11:35:29,577 INFO com.expense.reimbursementsystem.aop.LoggingAspect [http-nio-5555-exec-5] Entering ReimbursementServiceImpl.com.expense.reimbursementsystem.service.ReimbursementServiceImpl
2022-06-21 11:35:29,578 INFO com.expense.reimbursementsystem.aop.LoggingAspect [http-nio-5555-exec-5] Entering ReimbursementDao.com.expense.reimbursementsystem.dao.ReimbursementDao
2022-06-21 11:35:29,583 INFO com.expense.reimbursementsystem.aop.LoggingAspect [http-nio-5555-exec-5] Exiting ReimbursementDao.com.expense.reimbursementsystem.dao.ReimbursementDao
2022-06-21 11:35:29,584 INFO com.expense.reimbursementsystem.aop.LoggingAspect [http-nio-5555-exec-5] Exiting ReimbursementServiceImpl.com.expense.reimbursementsystem.service.ReimbursementServiceImpl
2022-06-21 11:35:29,584 INFO com.expense.reimbursementsystem.aop.LoggingAspect [http-nio-5555-exec-5] Exiting ReimbursementContoller.com.expense.reimbursementsystem.contoller.ReimbursementContoller
2022-06-21 11:35:39,593 INFO com.expense.reimbursementsystem.aop.LoggingAspect [http-nio-5555-exec-6] Entering ReimbursementContoller.com.expense.reimbursementsystem.contoller.ReimbursementContoller
2022-06-21 11:35:39,597 INFO com.expense.reimbursementsystem.aop.LoggingAspect [http-nio-5555-exec-6] Entering ReimbursementServiceImpl.com.expense.reimbursementsystem.service.ReimbursementServiceImpl
2022-06-21 11:35:39,598 INFO com.expense.reimbursementsystem.aop.LoggingAspect [http-nio-5555-exec-6] Entering CrudRepository.org.springframework.data.repository.CrudRepository
2022-06-21 11:35:39,604 INFO com.expense.reimbursementsystem.aop.LoggingAspect [http-nio-5555-exec-6] Exiting CrudRepository.org.springframework.data.repository.CrudRepository
2022-06-21 11:35:39,604 INFO com.expense.reimbursementsystem.aop.LoggingAspect [http-nio-5555-exec-6] Exiting ReimbursementServiceImpl.com.expense.reimbursementsystem.service.ReimbursementServiceImpl
2022-06-21 11:35:39,604 INFO com.expense.reimbursementsystem.aop.LoggingAspect [http-nio-5555-exec-6] Exiting ReimbursementContoller.com.expense.reimbursementsystem.contoller.ReimbursementContoller
2022-06-21 11:35:42,187 INFO com.expense.reimbursementsystem.aop.LoggingAspect [http-nio-5555-exec-7] Entering ReimbursementContoller.com.expense.reimbursementsystem.contoller.ReimbursementContoller
2022-06-21 11:35:42,188 INFO com.expense.reimbursementsystem.aop.LoggingAspect [http-nio-5555-exec-7] Entering ReimbursementServiceImpl.com.expense.reimbursementsystem.service.ReimbursementServiceImpl
2022-06-21 11:35:42,188 INFO com.expense.reimbursementsystem.aop.LoggingAspect [http-nio-5555-exec-7] Entering CrudRepository.org.springframework.data.repository.CrudRepository
2022-06-21 11:35:42,192 INFO com.expense.reimbursementsystem.aop.LoggingAspect [http-nio-5555-exec-7] Exiting CrudRepository.org.springframework.data.repository.CrudRepository
2022-06-21 11:35:42,193 INFO com.expense.reimbursementsystem.aop.LoggingAspect [http-nio-5555-exec-7] Exiting ReimbursementServiceImpl.com.expense.reimbursementsystem.service.ReimbursementServiceImpl
2022-06-21 11:35:42,193 INFO com.expense.reimbursementsystem.aop.LoggingAspect [http-nio-5555-exec-7] Exiting ReimbursementContoller.com.expense.reimbursementsystem.contoller.ReimbursementContoller
2022-06-21 11:35:42,455 INFO com.expense.reimbursementsystem.aop.LoggingAspect [http-nio-5555-exec-8] Entering ReimbursementContoller.com.expense.reimbursementsystem.contoller.ReimbursementContoller
2022-06-21 11:35:42,455 INFO com.expense.reimbursementsystem.aop.LoggingAspect [http-nio-5555-exec-8] Entering ReimbursementServiceImpl.com.expense.reimbursementsystem.service.ReimbursementServiceImpl
2022-06-21 11:35:42,455 INFO com.expense.reimbursementsystem.aop.LoggingAspect [http-nio-5555-exec-8] Entering CrudRepository.org.springframework.data.repository.CrudRepository
2022-06-21 11:35:42,459 INFO com.expense.reimbursementsystem.aop.LoggingAspect [http-nio-5555-exec-8] Exiting CrudRepository.org.springframework.data.repository.CrudRepository
2022-06-21 11:35:42,460 INFO com.expense.reimbursementsystem.aop.LoggingAspect [http-nio-5555-exec-8] Exiting ReimbursementServiceImpl.com.expense.reimbursementsystem.service.ReimbursementServiceImpl
2022-06-21 11:35:42,460 INFO com.expense.reimbursementsystem.aop.LoggingAspect [http-nio-5555-exec-8] Exiting ReimbursementContoller.com.expense.reimbursementsystem.contoller.ReimbursementContoller
2022-06-21 11:35:42,703 INFO com.expense.reimbursementsystem.aop.LoggingAspect [http-nio-5555-exec-10] Entering ReimbursementContoller.com.expense.reimbursementsystem.contoller.ReimbursementContoller
2022-06-21 11:35:42,704 INFO com.expense.reimbursementsystem.aop.LoggingAspect [http-nio-5555-exec-10] Entering ReimbursementServiceImpl.com.expense.reimbursementsystem.service.ReimbursementServiceImpl
2022-06-21 11:35:42,704 INFO com.expense.reimbursementsystem.aop.LoggingAspect [http-nio-5555-exec-10] Entering CrudRepository.org.springframework.data.repository.CrudRepository
2022-06-21 11:35:42,709 INFO com.expense.reimbursementsystem.aop.LoggingAspect [http-nio-5555-exec-10] Exiting CrudRepository.org.springframework.data.repository.CrudRepository
2022-06-21 11:35:42,710 INFO com.expense.reimbursementsystem.aop.LoggingAspect [http-nio-5555-exec-10] Exiting ReimbursementServiceImpl.com.expense.reimbursementsystem.service.ReimbursementServiceImpl
2022-06-21 11:35:42,710 INFO com.expense.reimbursementsystem.aop.LoggingAspect [http-nio-5555-exec-10] Exiting ReimbursementContoller.com.expense.reimbursementsystem.contoller.ReimbursementContoller
2022-06-21 11:35:43,455 INFO com.expense.reimbursementsystem.aop.LoggingAspect [http-nio-5555-exec-9] Entering ReimbursementContoller.com.expense.reimbursementsystem.contoller.ReimbursementContoller
2022-06-21 11:35:43,455 INFO com.expense.reimbursementsystem.aop.LoggingAspect [http-nio-5555-exec-9] Entering ReimbursementServiceImpl.com.expense.reimbursementsystem.service.ReimbursementServiceImpl
2022-06-21 11:35:43,456 INFO com.expense.reimbursementsystem.aop.LoggingAspect [http-nio-5555-exec-9] Entering ReimbursementDao.com.expense.reimbursementsystem.dao.ReimbursementDao
2022-06-21 11:35:43,462 INFO com.expense.reimbursementsystem.aop.LoggingAspect [http-nio-5555-exec-9] Exiting ReimbursementDao.com.expense.reimbursementsystem.dao.ReimbursementDao
2022-06-21 11:35:43,463 INFO com.expense.reimbursementsystem.aop.LoggingAspect [http-nio-5555-exec-9] Exiting ReimbursementServiceImpl.com.expense.reimbursementsystem.service.ReimbursementServiceImpl
2022-06-21 11:35:43,463 INFO com.expense.reimbursementsystem.aop.LoggingAspect [http-nio-5555-exec-9] Exiting ReimbursementContoller.com.expense.reimbursementsystem.contoller.ReimbursementContoller
2022-06-21 11:37:36,838 INFO com.expense.reimbursementsystem.aop.LoggingAspect [http-nio-5555-exec-2] Entering ReimbursementContoller.com.expense.reimbursementsystem.contoller.ReimbursementContoller
2022-06-21 11:37:36,840 INFO com.expense.reimbursementsystem.aop.LoggingAspect [http-nio-5555-exec-2] Entering ReimbursementServiceImpl.com.expense.reimbursementsystem.service.ReimbursementServiceImpl
2022-06-21 11:37:36,842 INFO com.expense.reimbursementsystem.aop.LoggingAspect [http-nio-5555-exec-2] Entering ReimbursementDao.com.expense.reimbursementsystem.dao.ReimbursementDao
2022-06-21 11:37:36,847 INFO com.expense.reimbursementsystem.aop.LoggingAspect [http-nio-5555-exec-2] Exiting ReimbursementDao.com.expense.reimbursementsystem.dao.ReimbursementDao
2022-06-21 11:37:36,848 INFO com.expense.reimbursementsystem.aop.LoggingAspect [http-nio-5555-exec-2] Exiting ReimbursementServiceImpl.com.expense.reimbursementsystem.service.ReimbursementServiceImpl
2022-06-21 11:37:36,848 INFO com.expense.reimbursementsystem.aop.LoggingAspect [http-nio-5555-exec-2] Exiting ReimbursementContoller.com.expense.reimbursementsystem.contoller.ReimbursementContoller
2022-06-21 11:38:30,960 INFO com.expense.reimbursementsystem.aop.LoggingAspect [http-nio-5555-exec-5] Entering EmployeeController.com.expense.reimbursementsystem.contoller.EmployeeController
2022-06-21 11:38:30,960 INFO com.expense.reimbursementsystem.aop.LoggingAspect [http-nio-5555-exec-5] Entering EmployeeServiceImpl.com.expense.reimbursementsystem.service.EmployeeServiceImpl
2022-06-21 11:38:30,960 INFO com.expense.reimbursementsystem.aop.LoggingAspect [http-nio-5555-exec-5] Entering EmployeeDao.com.expense.reimbursementsystem.dao.EmployeeDao
2022-06-21 11:38:30,966 INFO com.expense.reimbursementsystem.aop.LoggingAspect [http-nio-5555-exec-5] Exiting EmployeeDao.com.expense.reimbursementsystem.dao.EmployeeDao
2022-06-21 11:38:30,967 INFO com.expense.reimbursementsystem.aop.LoggingAspect [http-nio-5555-exec-5] Exiting EmployeeServiceImpl.com.expense.reimbursementsystem.service.EmployeeServiceImpl
2022-06-21 11:38:30,967 INFO com.expense.reimbursementsystem.aop.LoggingAspect [http-nio-5555-exec-5] Exiting EmployeeController.com.expense.reimbursementsystem.contoller.EmployeeController
2022-06-21 11:38:42,492 INFO com.expense.reimbursementsystem.aop.LoggingAspect [http-nio-5555-exec-6] Entering ReimbursementContoller.com.expense.reimbursementsystem.contoller.ReimbursementContoller
2022-06-21 11:38:42,492 INFO com.expense.reimbursementsystem.aop.LoggingAspect [http-nio-5555-exec-6] Entering ReimbursementServiceImpl.com.expense.reimbursementsystem.service.ReimbursementServiceImpl
2022-06-21 11:38:42,492 INFO com.expense.reimbursementsystem.aop.LoggingAspect [http-nio-5555-exec-6] Entering CrudRepository.org.springframework.data.repository.CrudRepository
2022-06-21 11:38:42,591 INFO com.expense.reimbursementsystem.aop.LoggingAspect [http-nio-5555-exec-6] Exiting CrudRepository.org.springframework.data.repository.CrudRepository
2022-06-21 11:38:42,591 INFO com.expense.reimbursementsystem.aop.LoggingAspect [http-nio-5555-exec-6] Exiting ReimbursementServiceImpl.com.expense.reimbursementsystem.service.ReimbursementServiceImpl
2022-06-21 11:38:42,592 INFO com.expense.reimbursementsystem.aop.LoggingAspect [http-nio-5555-exec-6] Exiting ReimbursementContoller.com.expense.reimbursementsystem.contoller.ReimbursementContoller
2022-06-21 11:38:45,489 INFO com.expense.reimbursementsystem.aop.LoggingAspect [http-nio-5555-exec-7] Entering ReimbursementContoller.com.expense.reimbursementsystem.contoller.ReimbursementContoller
2022-06-21 11:38:45,490 INFO com.expense.reimbursementsystem.aop.LoggingAspect [http-nio-5555-exec-7] Entering ReimbursementServiceImpl.com.expense.reimbursementsystem.service.ReimbursementServiceImpl
2022-06-21 11:38:45,490 INFO com.expense.reimbursementsystem.aop.LoggingAspect [http-nio-5555-exec-7] Entering ReimbursementDao.com.expense.reimbursementsystem.dao.ReimbursementDao
2022-06-21 11:38:45,494 INFO com.expense.reimbursementsystem.aop.LoggingAspect [http-nio-5555-exec-7] Exiting ReimbursementDao.com.expense.reimbursementsystem.dao.ReimbursementDao
2022-06-21 11:38:45,495 INFO com.expense.reimbursementsystem.aop.LoggingAspect [http-nio-5555-exec-7] Exiting ReimbursementServiceImpl.com.expense.reimbursementsystem.service.ReimbursementServiceImpl
2022-06-21 11:38:45,495 INFO com.expense.reimbursementsystem.aop.LoggingAspect [http-nio-5555-exec-7] Exiting ReimbursementContoller.com.expense.reimbursementsystem.contoller.ReimbursementContoller
2022-06-21 11:39:03,712 INFO com.expense.reimbursementsystem.aop.LoggingAspect [http-nio-5555-exec-8] Entering ReimbursementContoller.com.expense.reimbursementsystem.contoller.ReimbursementContoller
2022-06-21 11:39:03,712 INFO com.expense.reimbursementsystem.aop.LoggingAspect [http-nio-5555-exec-8] Entering ReimbursementServiceImpl.com.expense.reimbursementsystem.service.ReimbursementServiceImpl
2022-06-21 11:39:03,713 INFO com.expense.reimbursementsystem.aop.LoggingAspect [http-nio-5555-exec-8] Entering ReimbursementDao.com.expense.reimbursementsystem.dao.ReimbursementDao
2022-06-21 11:39:03,716 INFO com.expense.reimbursementsystem.aop.LoggingAspect [http-nio-5555-exec-8] Exiting ReimbursementDao.com.expense.reimbursementsystem.dao.ReimbursementDao
2022-06-21 11:39:03,716 INFO com.expense.reimbursementsystem.aop.LoggingAspect [http-nio-5555-exec-8] Exiting ReimbursementServiceImpl.com.expense.reimbursementsystem.service.ReimbursementServiceImpl
2022-06-21 11:39:03,717 INFO com.expense.reimbursementsystem.aop.LoggingAspect [http-nio-5555-exec-8] Exiting ReimbursementContoller.com.expense.reimbursementsystem.contoller.ReimbursementContoller
2022-06-21 11:39:05,832 INFO com.expense.reimbursementsystem.aop.LoggingAspect [http-nio-5555-exec-10] Entering ReimbursementContoller.com.expense.reimbursementsystem.contoller.ReimbursementContoller
2022-06-21 11:39:05,832 INFO com.expense.reimbursementsystem.aop.LoggingAspect [http-nio-5555-exec-10] Entering ReimbursementServiceImpl.com.expense.reimbursementsystem.service.ReimbursementServiceImpl
2022-06-21 11:39:05,833 INFO com.expense.reimbursementsystem.aop.LoggingAspect [http-nio-5555-exec-10] Entering ReimbursementDao.com.expense.reimbursementsystem.dao.ReimbursementDao
2022-06-21 11:39:05,836 INFO com.expense.reimbursementsystem.aop.LoggingAspect [http-nio-5555-exec-10] Exiting ReimbursementDao.com.expense.reimbursementsystem.dao.ReimbursementDao
2022-06-21 11:39:05,836 INFO com.expense.reimbursementsystem.aop.LoggingAspect [http-nio-5555-exec-10] Exiting ReimbursementServiceImpl.com.expense.reimbursementsystem.service.ReimbursementServiceImpl
2022-06-21 11:39:05,836 INFO com.expense.reimbursementsystem.aop.LoggingAspect [http-nio-5555-exec-10] Exiting ReimbursementContoller.com.expense.reimbursementsystem.contoller.ReimbursementContoller
